Determining if the pthread_create exist failed with the following output:
Change Dir: /home/marcos/Desktop/pasantia/goc/CMakeFiles/CMakeTmp

Run Build Command:"/usr/bin/make" "cmTC_f17be/fast"
/usr/bin/make -f CMakeFiles/cmTC_f17be.dir/build.make CMakeFiles/cmTC_f17be.dir/build
make[1]: Entering directory '/home/marcos/Desktop/pasantia/goc/CMakeFiles/CMakeTmp'
Building C object CMakeFiles/cmTC_f17be.dir/CheckSymbolExists.c.o
/usr/bin/cc    -o CMakeFiles/cmTC_f17be.dir/CheckSymbolExists.c.o   -c /home/marcos/Desktop/pasantia/goc/CMakeFiles/CMakeTmp/CheckSymbolExists.c
Linking C executable cmTC_f17be
/usr/bin/cmake -E cmake_link_script CMakeFiles/cmTC_f17be.dir/link.txt --verbose=1
/usr/bin/cc      CMakeFiles/cmTC_f17be.dir/CheckSymbolExists.c.o  -o cmTC_f17be 
CMakeFiles/cmTC_f17be.dir/CheckSymbolExists.c.o: In function `main':
CheckSymbolExists.c:(.text+0x1b): undefined reference to `pthread_create'
collect2: error: ld returned 1 exit status
CMakeFiles/cmTC_f17be.dir/build.make:97: recipe for target 'cmTC_f17be' failed
make[1]: *** [cmTC_f17be] Error 1
make[1]: Leaving directory '/home/marcos/Desktop/pasantia/goc/CMakeFiles/CMakeTmp'
Makefile:126: recipe for target 'cmTC_f17be/fast' failed
make: *** [cmTC_f17be/fast] Error 2

File /home/marcos/Desktop/pasantia/goc/CMakeFiles/CMakeTmp/CheckSymbolExists.c:
/* */
#include <pthread.h>

int main(int argc, char** argv)
{
  (void)argv;
#ifndef pthread_create
  return ((int*)(&pthread_create))[argc];
#else
  (void)argc;
  return 0;
#endif
}

Determining if the function pthread_create exists in the pthreads failed with the following output:
Change Dir: /home/marcos/Desktop/pasantia/goc/CMakeFiles/CMakeTmp

Run Build Command:"/usr/bin/make" "cmTC_dc693/fast"
/usr/bin/make -f CMakeFiles/cmTC_dc693.dir/build.make CMakeFiles/cmTC_dc693.dir/build
make[1]: Entering directory '/home/marcos/Desktop/pasantia/goc/CMakeFiles/CMakeTmp'
Building C object CMakeFiles/cmTC_dc693.dir/CheckFunctionExists.c.o
/usr/bin/cc   -DCHECK_FUNCTION_EXISTS=pthread_create   -o CMakeFiles/cmTC_dc693.dir/CheckFunctionExists.c.o   -c /usr/share/cmake-3.10/Modules/CheckFunctionExists.c
Linking C executable cmTC_dc693
/usr/bin/cmake -E cmake_link_script CMakeFiles/cmTC_dc693.dir/link.txt --verbose=1
/usr/bin/cc  -DCHECK_FUNCTION_EXISTS=pthread_create    CMakeFiles/cmTC_dc693.dir/CheckFunctionExists.c.o  -o cmTC_dc693 -lpthreads 
/usr/bin/ld: cannot find -lpthreads
collect2: error: ld returned 1 exit status
CMakeFiles/cmTC_dc693.dir/build.make:97: recipe for target 'cmTC_dc693' failed
make[1]: *** [cmTC_dc693] Error 1
make[1]: Leaving directory '/home/marcos/Desktop/pasantia/goc/CMakeFiles/CMakeTmp'
Makefile:126: recipe for target 'cmTC_dc693/fast' failed
make: *** [cmTC_dc693/fast] Error 2


